<?xml version="1.0" encoding="UTF-8"?>
<testsuite xmlns:xsi="http://www.w3.org/2001/XMLSchema-instance" xsi:noNamespaceSchemaLocation="https://maven.apache.org/surefire/maven-surefire-plugin/xsd/surefire-test-report-3.0.xsd" version="3.0" name="course.javaqa.calculator.CalculatorTest" time="0.055" tests="4" errors="0" skipped="0" failures="0">
  <properties>
    <property name="java.specification.version" value="17"/>
    <property name="sun.cpu.isalist" value="amd64"/>
    <property name="sun.jnu.encoding" value="Cp1252"/>
    <property name="java.class.path" value="D:\CourseJavaQA\git\java-qa-automation\03-junit5-lab\target\test-classes;D:\CourseJavaQA\git\java-qa-automation\03-junit5-lab\target\classes;C:\Users\office27\.m2\repository\org\junit\jupiter\junit-jupiter-engine\5.8.2\junit-jupiter-engine-5.8.2.jar;C:\Users\office27\.m2\repository\org\junit\platform\junit-platform-engine\1.8.2\junit-platform-engine-1.8.2.jar;C:\Users\office27\.m2\repository\org\opentest4j\opentest4j\1.2.0\opentest4j-1.2.0.jar;C:\Users\office27\.m2\repository\org\junit\platform\junit-platform-commons\1.8.2\junit-platform-commons-1.8.2.jar;C:\Users\office27\.m2\repository\org\junit\jupiter\junit-jupiter-api\5.8.2\junit-jupiter-api-5.8.2.jar;C:\Users\office27\.m2\repository\org\apiguardian\apiguardian-api\1.1.2\apiguardian-api-1.1.2.jar;C:\Users\office27\.m2\repository\org\junit\platform\junit-platform-suite\1.8.2\junit-platform-suite-1.8.2.jar;C:\Users\office27\.m2\repository\org\junit\platform\junit-platform-suite-api\1.8.2\junit-platform-suite-api-1.8.2.jar;C:\Users\office27\.m2\repository\org\junit\platform\junit-platform-suite-engine\1.8.2\junit-platform-suite-engine-1.8.2.jar;C:\Users\office27\.m2\repository\org\junit\platform\junit-platform-suite-commons\1.8.2\junit-platform-suite-commons-1.8.2.jar;C:\Users\office27\.m2\repository\org\junit\platform\junit-platform-launcher\1.8.2\junit-platform-launcher-1.8.2.jar;C:\Users\office27\.m2\repository\org\junit\jupiter\junit-jupiter-params\5.8.1\junit-jupiter-params-5.8.1.jar;C:\Users\office27\.m2\repository\org\assertj\assertj-core\3.22.0\assertj-core-3.22.0.jar;C:\Users\office27\.m2\repository\org\projectlombok\lombok\1.18.22\lombok-1.18.22.jar;C:\Users\office27\.m2\repository\org\slf4j\slf4j-simple\1.7.33\slf4j-simple-1.7.33.jar;C:\Users\office27\.m2\repository\org\slf4j\slf4j-api\1.7.33\slf4j-api-1.7.33.jar;"/>
    <property name="java.vm.vendor" value="Oracle Corporation"/>
    <property name="sun.arch.data.model" value="64"/>
    <property name="user.variant" value=""/>
    <property name="java.vendor.url" value="https://java.oracle.com/"/>
    <property name="user.timezone" value="Europe/Sofia"/>
    <property name="user.country.format" value="BG"/>
    <property name="os.name" value="Windows 10"/>
    <property name="java.vm.specification.version" value="17"/>
    <property name="sun.java.launcher" value="SUN_STANDARD"/>
    <property name="user.country" value="US"/>
    <property name="sun.boot.library.path" value="D:\Programs\jdk-17\bin"/>
    <property name="sun.java.command" value="C:\Users\office27\AppData\Local\Temp\surefire9147950742165645730\surefirebooter15977508218963951720.jar C:\Users\office27\AppData\Local\Temp\surefire9147950742165645730 2022-02-08T00-04-17_001-jvmRun1 surefire4179606400184431087tmp surefire_015417683508043871006tmp"/>
    <property name="jdk.debug" value="release"/>
    <property name="surefire.test.class.path" value="D:\CourseJavaQA\git\java-qa-automation\03-junit5-lab\target\test-classes;D:\CourseJavaQA\git\java-qa-automation\03-junit5-lab\target\classes;C:\Users\office27\.m2\repository\org\junit\jupiter\junit-jupiter-engine\5.8.2\junit-jupiter-engine-5.8.2.jar;C:\Users\office27\.m2\repository\org\junit\platform\junit-platform-engine\1.8.2\junit-platform-engine-1.8.2.jar;C:\Users\office27\.m2\repository\org\opentest4j\opentest4j\1.2.0\opentest4j-1.2.0.jar;C:\Users\office27\.m2\repository\org\junit\platform\junit-platform-commons\1.8.2\junit-platform-commons-1.8.2.jar;C:\Users\office27\.m2\repository\org\junit\jupiter\junit-jupiter-api\5.8.2\junit-jupiter-api-5.8.2.jar;C:\Users\office27\.m2\repository\org\apiguardian\apiguardian-api\1.1.2\apiguardian-api-1.1.2.jar;C:\Users\office27\.m2\repository\org\junit\platform\junit-platform-suite\1.8.2\junit-platform-suite-1.8.2.jar;C:\Users\office27\.m2\repository\org\junit\platform\junit-platform-suite-api\1.8.2\junit-platform-suite-api-1.8.2.jar;C:\Users\office27\.m2\repository\org\junit\platform\junit-platform-suite-engine\1.8.2\junit-platform-suite-engine-1.8.2.jar;C:\Users\office27\.m2\repository\org\junit\platform\junit-platform-suite-commons\1.8.2\junit-platform-suite-commons-1.8.2.jar;C:\Users\office27\.m2\repository\org\junit\platform\junit-platform-launcher\1.8.2\junit-platform-launcher-1.8.2.jar;C:\Users\office27\.m2\repository\org\junit\jupiter\junit-jupiter-params\5.8.1\junit-jupiter-params-5.8.1.jar;C:\Users\office27\.m2\repository\org\assertj\assertj-core\3.22.0\assertj-core-3.22.0.jar;C:\Users\office27\.m2\repository\org\projectlombok\lombok\1.18.22\lombok-1.18.22.jar;C:\Users\office27\.m2\repository\org\slf4j\slf4j-simple\1.7.33\slf4j-simple-1.7.33.jar;C:\Users\office27\.m2\repository\org\slf4j\slf4j-api\1.7.33\slf4j-api-1.7.33.jar;"/>
    <property name="sun.cpu.endian" value="little"/>
    <property name="user.home" value="C:\Users\office27"/>
    <property name="user.language" value="en"/>
    <property name="java.specification.vendor" value="Oracle Corporation"/>
    <property name="java.version.date" value="2021-09-14"/>
    <property name="java.home" value="D:\Programs\jdk-17"/>
    <property name="file.separator" value="\"/>
    <property name="basedir" value="D:\CourseJavaQA\git\java-qa-automation\03-junit5-lab"/>
    <property name="java.vm.compressedOopsMode" value="Zero based"/>
    <property name="line.separator" value="&#10;"/>
    <property name="java.vm.specification.vendor" value="Oracle Corporation"/>
    <property name="java.specification.name" value="Java Platform API Specification"/>
    <property name="surefire.real.class.path" value="C:\Users\office27\AppData\Local\Temp\surefire9147950742165645730\surefirebooter15977508218963951720.jar"/>
    <property name="user.script" value=""/>
    <property name="sun.management.compiler" value="HotSpot 64-Bit Tiered Compilers"/>
    <property name="java.runtime.version" value="17-loom+7-342"/>
    <property name="user.name" value="office27"/>
    <property name="path.separator" value=";"/>
    <property name="os.version" value="10.0"/>
    <property name="java.runtime.name" value="OpenJDK Runtime Environment"/>
    <property name="file.encoding" value="Cp1251"/>
    <property name="java.vm.name" value="OpenJDK 64-Bit Server VM"/>
    <property name="localRepository" value="C:\Users\office27\.m2\repository"/>
    <property name="java.vendor.url.bug" value="https://bugreport.java.com/bugreport/"/>
    <property name="java.io.tmpdir" value="C:\Users\office27\AppData\Local\Temp\"/>
    <property name="idea.version" value="2021.3.2"/>
    <property name="java.version" value="17-loom"/>
    <property name="user.dir" value="D:\CourseJavaQA\git\java-qa-automation\03-junit5-lab"/>
    <property name="os.arch" value="amd64"/>
    <property name="java.vm.specification.name" value="Java Virtual Machine Specification"/>
    <property name="user.language.format" value="bg"/>
    <property name="sun.os.patch.level" value=""/>
    <property name="native.encoding" value="Cp1251"/>
    <property name="java.library.path" value="D:\Programs\jdk-17\bin;C:\WINDOWS\Sun\Java\bin;C:\WINDOWS\system32;C:\WINDOWS;C:\Windows;C:\Users\office27\AppData\Roaming\npm\node_modules\yarn\bin;C:\Python310\Scripts\;C:\Python310\;C:\Program Files\Java\jdk1.8.0_181\bin;D:\Program Files\CUDA\v11.2\development\bin;D:\Programs\Python39\Scripts\;D:\Programs\Python39\;C:\Program Files\OpenSSL-Win64\bin;C:\Program Files\Microsoft MPI\Bin\;C:\WINDOWS\system32;C:\WINDOWS;C:\WINDOWS\System32\Wbem;C:\WINDOWS\System32\WindowsPowerShell\v1.0\;D:\Program Files\nodejs\;C:\Program Files (x86)\Intel\Intel(R) Management Engine Components\DAL;C:\Program Files\Intel\Intel(R) Management Engine Components\DAL;C:\Program Files (x86)\Intel\Intel(R) Management Engine Components\IPT;C:\Program Files\Intel\Intel(R) Management Engine Components\IPT;C:\Program Files\MongoDB\Server\3.6\bin;C:\Program Files (x86)\NVIDIA Corporation\PhysX\Common;D:\Programs\rabbitmq_server-3.7.7\sbin;C:\Program Files\Intel\WiFi\bin\;C:\Program Files\Common Files\Intel\WirelessCommon\;C:\Program Files (x86)\IVI Foundation\VISA\WinNT\Bin;C:\Program Files\dotnet\;C:\Program Files\Microsoft SQL Server\130\Tools\Binn\;C:\Program Files\MySQL\MySQL Server 8.0\bin;D:\Programs\wget-1.19.1-win64;C:\WINDOWS\System32\OpenSSH\;D:\CourseSpringData\jaxb-ri\bin;C:\Program Files\NVIDIA Corporation\Nsight Compute 2020.3.0\;C:\Program Files\NVIDIA Corporation\NVIDIA NvDLISR;D:\Program Files\CUDA\v11.2\development\libnvvp;D:\CourseDML\cuda\bin;D:\Program Files\CUDA\v11.2\development\extras\CUPTI\lib64;D:\Program Files\CUDA\v11.2\development\include;C:\Program Files\Microsoft SQL Server\Client SDK\ODBC\170\Tools\Binn\;D:\CourseGO\protoc-3.14.0-win64\bin;D:\CourseDML\spark-3.0.1-bin-hadoop3.2\bin;C:\Program Files\leJOS EV3\bin;D:\Program Files\CMake\bin;C:\Program Files\Git\cmd;D:\Programs\jdk-15.0.1\bin;D:\Program Files\MongoDB\Server\5.0\bin;C:\Program Files\MongoDB\Server\4.2\bin;D:\CourseDML\hadoop-3.3.1\bin;D:\CourseDML\hadoop-3.3.1\sbin;;C:\Program Files\Docker\Docker\resources\bin;C:\ProgramData\DockerDesktop\version-bin;C:\Program Files\Go\bin;%SystemRoot%\system32;%SystemRoot%;%SystemRoot%\System32\Wbem;%SYSTEMROOT%\System32\WindowsPowerShell\v1.0\;%SYSTEMROOT%\System32\OpenSSH\;C:\Program Files\MySQL\MySQL Shell 8.0\bin\;D:\CourseKafka\zookeeper-3.4.14\bin;D:\CourseKafka\kafka_2.12-2.2.1\bin\windows;D:\Programs\apache-maven-3.6.1\bin;D:\CourseXML\basex\bin;C:\Program Files\JetBrains\GoLand 2019.2.5\bin;;D:\CourseGO\workspace\bin;C:\Users\office27\AppData\Local\Programs\Microsoft VS Code\bin;C:\Users\office27\AppData\Local\Microsoft\WindowsApps;C:\Users\office27\AppData\Roaming\npm;C:\Users\office27\.dotnet\tools;C:\Users\office27\go\bin;;."/>
    <property name="java.vm.info" value="mixed mode, sharing"/>
    <property name="java.vendor" value="Oracle Corporation"/>
    <property name="java.vm.version" value="17-loom+7-342"/>
    <property name="sun.io.unicode.encoding" value="UnicodeLittle"/>
    <property name="java.class.version" value="61.0"/>
  </properties>
  <testcase name="givenXandZeroDivider_whenDivide_thenArithmeticExceptionAssertion" classname="course.javaqa.calculator.CalculatorTest" time="0.002"/>
  <testcase name="givenXandY_whenAdd_thenAddResultXplusY" classname="course.javaqa.calculator.CalculatorTest" time="0.001"/>
  <testcase name="givenXandY_whenMultiply_thenMultiplicationResultXY" classname="course.javaqa.calculator.CalculatorTest" time="0.001"/>
  <testcase name="givenXandNonZeroY_whenDivide_thenResultXDividedByY" classname="course.javaqa.calculator.CalculatorTest" time="0.001"/>
</testsuite>