<?xml version="1.0" encoding="UTF-8" ?>
<testsuite tests="0" failures="0" name="course.javaqa.calculator.CalculatorTest" time="0" errors="0" skipped="0">
  <properties>
    <property name="idea.version" value="2021.3.2"/>
    <property name="java.runtime.name" value="OpenJDK Runtime Environment"/>
    <property name="java.vm.version" value="17-loom+7-342"/>
    <property name="sun.boot.library.path" value="D:\Programs\jdk-17\bin"/>
    <property name="user.country.format" value="BG"/>
    <property name="maven.multiModuleProjectDirectory" value="D:\CourseJavaQA\git\java-qa-automation\03-junit5-lab"/>
    <property name="java.vm.vendor" value="Oracle Corporation"/>
    <property name="java.vendor.url" value="https://java.oracle.com/"/>
    <property name="guice.disable.misplaced.annotation.check" value="true"/>
    <property name="path.separator" value=";"/>
    <property name="java.vm.name" value="OpenJDK 64-Bit Server VM"/>
    <property name="sun.os.patch.level" value=""/>
    <property name="user.script" value=""/>
    <property name="user.country" value="US"/>
    <property name="sun.java.launcher" value="SUN_STANDARD"/>
    <property name="java.vm.specification.name" value="Java Virtual Machine Specification"/>
    <property name="user.dir" value="D:\CourseJavaQA\git\java-qa-automation\03-junit5-lab"/>
    <property name="java.vm.compressedOopsMode" value="Zero based"/>
    <property name="java.runtime.version" value="17-loom+7-342"/>
    <property name="os.arch" value="amd64"/>
    <property name="java.io.tmpdir" value="C:\Users\office27\AppData\Local\Temp\"/>
    <property name="line.separator" value="
"/>
    <property name="java.vm.specification.vendor" value="Oracle Corporation"/>
    <property name="user.variant" value=""/>
    <property name="os.name" value="Windows 10"/>
    <property name="maven.ext.class.path" value="D:\Program Files\JetBrains\IntelliJ IDEA 2020.1.3\plugins\maven\lib\maven-event-listener.jar"/>
    <property name="classworlds.conf" value="D:\Program Files\JetBrains\IntelliJ IDEA 2020.1.3\plugins\maven\lib\maven3\bin\m2.conf"/>
    <property name="sun.jnu.encoding" value="Cp1252"/>
    <property name="java.library.path" value="D:\Programs\jdk-17\bin;C:\WINDOWS\Sun\Java\bin;C:\WINDOWS\system32;C:\WINDOWS;C:\Windows;C:\Users\office27\AppData\Roaming\npm\node_modules\yarn\bin;C:\Python310\Scripts\;C:\Python310\;C:\Program Files\Java\jdk1.8.0_181\bin;D:\Program Files\CUDA\v11.2\development\bin;D:\Programs\Python39\Scripts\;D:\Programs\Python39\;C:\Program Files\OpenSSL-Win64\bin;C:\Program Files\Microsoft MPI\Bin\;C:\WINDOWS\system32;C:\WINDOWS;C:\WINDOWS\System32\Wbem;C:\WINDOWS\System32\WindowsPowerShell\v1.0\;D:\Program Files\nodejs\;C:\Program Files (x86)\Intel\Intel(R) Management Engine Components\DAL;C:\Program Files\Intel\Intel(R) Management Engine Components\DAL;C:\Program Files (x86)\Intel\Intel(R) Management Engine Components\IPT;C:\Program Files\Intel\Intel(R) Management Engine Components\IPT;C:\Program Files\MongoDB\Server\3.6\bin;C:\Program Files (x86)\NVIDIA Corporation\PhysX\Common;D:\Programs\rabbitmq_server-3.7.7\sbin;C:\Program Files\Intel\WiFi\bin\;C:\Program Files\Common Files\Intel\WirelessCommon\;C:\Program Files (x86)\IVI Foundation\VISA\WinNT\Bin;C:\Program Files\dotnet\;C:\Program Files\Microsoft SQL Server\130\Tools\Binn\;C:\Program Files\MySQL\MySQL Server 8.0\bin;D:\Programs\wget-1.19.1-win64;C:\WINDOWS\System32\OpenSSH\;D:\CourseSpringData\jaxb-ri\bin;C:\Program Files\NVIDIA Corporation\Nsight Compute 2020.3.0\;C:\Program Files\NVIDIA Corporation\NVIDIA NvDLISR;D:\Program Files\CUDA\v11.2\development\libnvvp;D:\CourseDML\cuda\bin;D:\Program Files\CUDA\v11.2\development\extras\CUPTI\lib64;D:\Program Files\CUDA\v11.2\development\include;C:\Program Files\Microsoft SQL Server\Client SDK\ODBC\170\Tools\Binn\;D:\CourseGO\protoc-3.14.0-win64\bin;D:\CourseDML\spark-3.0.1-bin-hadoop3.2\bin;C:\Program Files\leJOS EV3\bin;D:\Program Files\CMake\bin;C:\Program Files\Git\cmd;D:\Programs\jdk-15.0.1\bin;D:\Program Files\MongoDB\Server\5.0\bin;C:\Program Files\MongoDB\Server\4.2\bin;D:\CourseDML\hadoop-3.3.1\bin;D:\CourseDML\hadoop-3.3.1\sbin;;C:\Program Files\Docker\Docker\resources\bin;C:\ProgramData\DockerDesktop\version-bin;C:\Program Files\Go\bin;%SystemRoot%\system32;%SystemRoot%;%SystemRoot%\System32\Wbem;%SYSTEMROOT%\System32\WindowsPowerShell\v1.0\;%SYSTEMROOT%\System32\OpenSSH\;C:\Program Files\MySQL\MySQL Shell 8.0\bin\;D:\CourseKafka\zookeeper-3.4.14\bin;D:\CourseKafka\kafka_2.12-2.2.1\bin\windows;D:\Programs\apache-maven-3.6.1\bin;D:\CourseXML\basex\bin;C:\Program Files\JetBrains\GoLand 2019.2.5\bin;;D:\CourseGO\workspace\bin;C:\Users\office27\AppData\Local\Programs\Microsoft VS Code\bin;C:\Users\office27\AppData\Local\Microsoft\WindowsApps;C:\Users\office27\AppData\Roaming\npm;C:\Users\office27\.dotnet\tools;C:\Users\office27\go\bin;;."/>
    <property name="maven.conf" value="D:\Program Files\JetBrains\IntelliJ IDEA 2020.1.3\plugins\maven\lib\maven3/conf"/>
    <property name="jdk.debug" value="release"/>
    <property name="java.class.version" value="61.0"/>
    <property name="java.specification.name" value="Java Platform API Specification"/>
    <property name="sun.management.compiler" value="HotSpot 64-Bit Tiered Compilers"/>
    <property name="os.version" value="10.0"/>
    <property name="user.home" value="C:\Users\office27"/>
    <property name="user.timezone" value="Europe/Sofia"/>
    <property name="file.encoding" value="UTF-8"/>
    <property name="java.specification.version" value="17"/>
    <property name="user.name" value="office27"/>
    <property name="java.class.path" value="D:\Program Files\JetBrains\IntelliJ IDEA 2020.1.3\plugins\maven\lib\maven3\boot\plexus-classworlds-2.6.0.jar;D:\Program Files\JetBrains\IntelliJ IDEA 2020.1.3\plugins\maven\lib\maven3\boot\plexus-classworlds.license"/>
    <property name="java.vm.specification.version" value="17"/>
    <property name="sun.arch.data.model" value="64"/>
    <property name="sun.java.command" value="org.codehaus.classworlds.Launcher -Didea.version=2021.3.2 org.apache.maven.plugins:maven-surefire-plugin:2.12.4:test"/>
    <property name="java.home" value="D:\Programs\jdk-17"/>
    <property name="user.language" value="en"/>
    <property name="java.specification.vendor" value="Oracle Corporation"/>
    <property name="user.language.format" value="bg"/>
    <property name="java.vm.info" value="mixed mode, sharing"/>
    <property name="java.version" value="17-loom"/>
    <property name="native.encoding" value="Cp1251"/>
    <property name="java.vendor" value="Oracle Corporation"/>
    <property name="maven.home" value="D:\Program Files\JetBrains\IntelliJ IDEA 2020.1.3\plugins\maven\lib\maven3"/>
    <property name="file.separator" value="\"/>
    <property name="java.version.date" value="2021-09-14"/>
    <property name="java.vendor.url.bug" value="https://bugreport.java.com/bugreport/"/>
    <property name="sun.io.unicode.encoding" value="UnicodeLittle"/>
    <property name="sun.cpu.endian" value="little"/>
    <property name="sun.cpu.isalist" value="amd64"/>
  </properties>
</testsuite>