<?xml version="1.0" encoding="UTF-8"?>
<!-- Generated by org.testng.reporters.JUnitReportReporter -->
<testsuite hostname="office27" failures="0" tests="1" name="course.javaqa.calculator.ParameterizedTests" time="0.000" errors="0" timestamp="2022-01-31T19:16:04 EET" skipped="0">
  <testcase classname="course.javaqa.calculator.ParameterizedTests" name="givenTwoNumbers_whenMultiply_thenProduct" time="0.000"/>
  <system-out/>
</testsuite> <!-- course.javaqa.calculator.ParameterizedTests -->
